#
# There is insufficient memory for the Java Runtime Environment to continue.
# Cannot create worker GC thread. Out of system resources.
# Possible reasons:
#   The system is out of physical RAM or swap space
#   The process is running with CompressedOops enabled, and the Java Heap may be blocking the growth of the native heap
# Possible solutions:
#   Reduce memory load on the system
#   Increase physical memory or swap space
#   Check if swap backing store is full
#   Decrease Java heap size (-Xmx/-Xms)
#   Decrease number of Java threads
#   Decrease Java thread stack sizes (-Xss)
#   Set larger code cache with -XX:ReservedCodeCacheSize=
#   JVM is running with Zero Based Compressed Oops mode in which the Java heap is
#     placed in the first 32GB address space. The Java Heap base address is the
#     maximum limit for the native heap growth. Please use -XX:HeapBaseMinAddress
#     to set the Java Heap base and to place the Java Heap above 32GB virtual address.
# This output file may be truncated or incomplete.
#
#  Out of Memory Error (workerManager.hpp:87), pid=1253707, tid=1253707
#
# JRE version:  (17.0.5+8) (build )
# Java VM: OpenJDK 64-Bit Server VM (17.0.5+8-Ubuntu-2ubuntu120.04, mixed mode, sharing, tiered, compressed oops, compressed class ptrs, g1 gc, linux-amd64)
# Core dump will be written. Default location: Core dumps may be processed with "/usr/share/apport/apport -p%p -s%s -c%c -d%d -P%P -u%u -g%g -- %E" (or dumping to /home/cim/ug/zjac350/CS2800/Calculator/CW1Calculator/core.1253707)
#

---------------  S U M M A R Y ------------

Command Line: -Dmaven.home=EMBEDDED -Dclassworlds.conf=/home/cim/ug/zjac350/CS2800/.metadata/.plugins/org.eclipse.m2e.launching/launches/m2conf8294760478220568790.tmp -Dmaven.multiModuleProjectDirectory=/home/cim/ug/zjac350/CS2800/Calculator/CW1Calculator -Dfile.encoding=UTF-8 -XX:+ShowCodeDetailsInExceptionMessages org.codehaus.plexus.classworlds.launcher.Launcher -B clean compile javafx:run

Host: Intel(R) Xeon(R) CPU E5-2683 v4 @ 2.10GHz, 24 cores, 188G, Ubuntu 20.04.5 LTS
Time: Mon Dec 12 00:01:47 2022 GMT elapsed time: 0.033283 seconds (0d 0h 0m 0s)

---------------  T H R E A D  ---------------

Current thread (0x0000564f270acda0):  JavaThread "Unknown thread" [_thread_in_vm, id=1253707, stack(0x00007ffdf85dc000,0x00007ffdf8ddb000)]

Stack: [0x00007ffdf85dc000,0x00007ffdf8ddb000],  sp=0x00007ffdf8dd60e0,  free space=8168k
Native frames: (J=compiled Java code, j=interpreted, Vv=VM code, C=native code)
V  [libjvm.so+0xf5b095]
V  [libjvm.so+0xf5bd41]
V  [libjvm.so+0x618e17]
V  [libjvm.so+0xf8f0f1]
V  [libjvm.so+0xf8f2cd]
V  [libjvm.so+0x702719]
V  [libjvm.so+0xf083f6]
V  [libjvm.so+0x81173b]
V  [libjvm.so+0xede5c6]
V  [libjvm.so+0x8db3d5]  JNI_CreateJavaVM+0x55
C  [libjli.so+0x3de1]
C  [libjli.so+0x8f58]
C  [libjli.so+0x5df1]
C  [libjli.so+0x7595]  JLI_Launch+0x1595
C  [java+0x12b3]


---------------  P R O C E S S  ---------------

Threads class SMR info:
_java_thread_list=0x00007f7a9b1564a0, length=0, elements={
}

Java Threads: ( => current thread )

Other Threads:

[error occurred during error reporting (printing all threads), id 0xb, SIGSEGV (0xb) at pc=0x00007f7a9a4c5494]

VM state: not at safepoint (not fully initialized)

VM Mutex/Monitor currently owned by a thread:  ([mutex/lock_event])
[0x0000564f270a90f0] Heap_lock - owner thread: 0x0000564f270acda0

Heap address: 0x0000000082000000, size: 30688 MB, Compressed Oops mode: Zero based, Oop shift amount: 3

CDS archive(s) mapped at: [0x0000000000000000-0x0000000000000000-0x0000000000000000), size 0, SharedBaseAddress: 0x0000000800000000, ArchiveRelocationMode: 0.
Narrow klass base: 0x0000000000000000, Narrow klass shift: 0, Narrow klass range: 0x0

GC Precious Log:
<Empty>

Heap:
 garbage-first heap   total 0K, used 0K [0x0000000082000000, 0x0000000800000000)
  region size 16384K, 0 young (0K), 0 survivors (0K)

[error occurred during error reporting (printing heap information), id 0xb, SIGSEGV (0xb) at pc=0x00007f7a9aa8d08e]

GC Heap History (0 events):
No events

Dll operation events (2 events):
Event: 0.015 Loaded shared library /usr/lib/jvm/java-17-openjdk-amd64/lib/libjava.so
Event: 0.015 Loaded shared library /usr/lib/jvm/java-17-openjdk-amd64/lib/libzip.so

Deoptimization events (0 events):
No events

Classes unloaded (0 events):
No events

Classes redefined (0 events):
No events

Internal exceptions (0 events):
No events

VM Operations (0 events):
No events

Events (1 events):
Event: 0.013 Protecting memory [0x00007ffdf85dc000,0x00007ffdf85e0000] with protection modes 0


Dynamic libraries:
82000000-800000000 ---p 00000000 00:00 0 
564f25a49000-564f25a4a000 r--p 00000000 08:02 3162618                    /usr/lib/jvm/java-17-openjdk-amd64/bin/java
564f25a4a000-564f25a4b000 r-xp 00001000 08:02 3162618                    /usr/lib/jvm/java-17-openjdk-amd64/bin/java
564f25a4b000-564f25a4c000 r--p 00002000 08:02 3162618                    /usr/lib/jvm/java-17-openjdk-amd64/bin/java
564f25a4c000-564f25a4d000 r--p 00002000 08:02 3162618                    /usr/lib/jvm/java-17-openjdk-amd64/bin/java
564f25a4d000-564f25a4e000 rw-p 00003000 08:02 3162618                    /usr/lib/jvm/java-17-openjdk-amd64/bin/java
564f2706f000-564f270fc000 rw-p 00000000 00:00 0                          [heap]
7f7a3984a000-7f7a3984b000 ---p 00000000 00:00 0 
7f7a3984b000-7f7a39ab8000 rw-p 00000000 00:00 0 
7f7a39ab8000-7f7a80d88000 ---p 00000000 00:00 0 
7f7a80d88000-7f7a8208f000 rw-p 00000000 00:00 0 
7f7a8208f000-7f7a82173000 ---p 00000000 00:00 0 
7f7a82173000-7f7a82178000 rw-p 00000000 00:00 0 
7f7a82178000-7f7a8225c000 ---p 00000000 00:00 0 
7f7a8225c000-7f7a82261000 rw-p 00000000 00:00 0 
7f7a82261000-7f7a8226b000 ---p 00000000 00:00 0 
7f7a8226b000-7f7a824db000 rwxp 00000000 00:00 0 
7f7a824db000-7f7a829ac000 ---p 00000000 00:00 0 
7f7a829ac000-7f7a82c1c000 rwxp 00000000 00:00 0 
7f7a82c1c000-7f7a89e0b000 ---p 00000000 00:00 0 
7f7a89e0b000-7f7a8a07b000 rwxp 00000000 00:00 0 
7f7a8a07b000-7f7a9126b000 ---p 00000000 00:00 0 
7f7a9126b000-7f7a9126d000 r--s 0000c000 08:02 3277626                    /usr/share/java/java-atk-wrapper.jar
7f7a9126d000-7f7a9126f000 r--p 00000000 08:02 3162762                    /usr/lib/jvm/java-17-openjdk-amd64/lib/libzip.so
7f7a9126f000-7f7a91274000 r-xp 00002000 08:02 3162762                    /usr/lib/jvm/java-17-openjdk-amd64/lib/libzip.so
7f7a91274000-7f7a91276000 r--p 00007000 08:02 3162762                    /usr/lib/jvm/java-17-openjdk-amd64/lib/libzip.so
7f7a91276000-7f7a91277000 r--p 00008000 08:02 3162762                    /usr/lib/jvm/java-17-openjdk-amd64/lib/libzip.so
7f7a91277000-7f7a91278000 rw-p 00009000 08:02 3162762                    /usr/lib/jvm/java-17-openjdk-amd64/lib/libzip.so
7f7a91278000-7f7a91284000 r--p 00000000 08:02 3162720                    /usr/lib/jvm/java-17-openjdk-amd64/lib/libjava.so
7f7a91284000-7f7a91297000 r-xp 0000c000 08:02 3162720                    /usr/lib/jvm/java-17-openjdk-amd64/lib/libjava.so
7f7a91297000-7f7a9129d000 r--p 0001f000 08:02 3162720                    /usr/lib/jvm/java-17-openjdk-amd64/lib/libjava.so
7f7a9129d000-7f7a9129e000 ---p 00025000 08:02 3162720                    /usr/lib/jvm/java-17-openjdk-amd64/lib/libjava.so
7f7a9129e000-7f7a9129f000 r--p 00025000 08:02 3162720                    /usr/lib/jvm/java-17-openjdk-amd64/lib/libjava.so
7f7a9129f000-7f7a912a0000 rw-p 00026000 08:02 3162720                    /usr/lib/jvm/java-17-openjdk-amd64/lib/libjava.so
7f7a912a0000-7f7a912a1000 rw-p 00000000 00:00 0 
7f7a912a1000-7f7a912a9000 rw-s 00000000 00:32 40156                      /tmp/hsperfdata_zjac350/1253707
7f7a912a9000-7f7a91aae000 r--s 00000000 08:02 1441861                    /var/lib/sss/mc/passwd
7f7a91aaf000-7f7a9996a000 r--s 00000000 08:02 3162764                    /usr/lib/jvm/java-17-openjdk-amd64/lib/modules
7f7a9996a000-7f7a99a6b000 rw-p 00000000 00:00 0 
7f7a99a6b000-7f7a99a6e000 r--p 00000000 08:02 1179678                    /lib/x86_64-linux-gnu/libgcc_s.so.1
7f7a99a6e000-7f7a99a80000 r-xp 00003000 08:02 1179678                    /lib/x86_64-linux-gnu/libgcc_s.so.1
7f7a99a80000-7f7a99a84000 r--p 00015000 08:02 1179678                    /lib/x86_64-linux-gnu/libgcc_s.so.1
7f7a99a84000-7f7a99a85000 r--p 00018000 08:02 1179678                    /lib/x86_64-linux-gnu/libgcc_s.so.1
7f7a99a85000-7f7a99a86000 rw-p 00019000 08:02 1179678                    /lib/x86_64-linux-gnu/libgcc_s.so.1
7f7a99a86000-7f7a99a93000 r--p 00000000 08:02 1179893                    /lib/x86_64-linux-gnu/libm-2.31.so
7f7a99a93000-7f7a99b3a000 r-xp 0000d000 08:02 1179893                    /lib/x86_64-linux-gnu/libm-2.31.so
7f7a99b3a000-7f7a99bd3000 r--p 000b4000 08:02 1179893                    /lib/x86_64-linux-gnu/libm-2.31.so
7f7a99bd3000-7f7a99bd4000 r--p 0014c000 08:02 1179893                    /lib/x86_64-linux-gnu/libm-2.31.so
7f7a99bd4000-7f7a99bd5000 rw-p 0014d000 08:02 1179893                    /lib/x86_64-linux-gnu/libm-2.31.so
7f7a99bd5000-7f7a99c6b000 r--p 00000000 08:02 1966572                    /usr/lib/x86_64-linux-gnu/libstdc++.so.6.0.28
7f7a99c6b000-7f7a99d5c000 r-xp 00096000 08:02 1966572                    /usr/lib/x86_64-linux-gnu/libstdc++.so.6.0.28
7f7a99d5c000-7f7a99da5000 r--p 00187000 08:02 1966572                    /usr/lib/x86_64-linux-gnu/libstdc++.so.6.0.28
7f7a99da5000-7f7a99da6000 ---p 001d0000 08:02 1966572                    /usr/lib/x86_64-linux-gnu/libstdc++.so.6.0.28
7f7a99da6000-7f7a99db1000 r--p 001d0000 08:02 1966572                    /usr/lib/x86_64-linux-gnu/libstdc++.so.6.0.28
7f7a99db1000-7f7a99db4000 rw-p 001db000 08:02 1966572                    /usr/lib/x86_64-linux-gnu/libstdc++.so.6.0.28
7f7a99db4000-7f7a99db7000 rw-p 00000000 00:00 0 
7f7a99db7000-7f7a9a007000 r--p 00000000 08:02 3162772                    /usr/lib/jvm/java-17-openjdk-amd64/lib/server/libjvm.so
7f7a9a007000-7f7a9ad94000 r-xp 00250000 08:02 3162772                    /usr/lib/jvm/java-17-openjdk-amd64/lib/server/libjvm.so
7f7a9ad94000-7f7a9b01a000 r--p 00fdd000 08:02 3162772                    /usr/lib/jvm/java-17-openjdk-amd64/lib/server/libjvm.so
7f7a9b01a000-7f7a9b0d2000 r--p 01262000 08:02 3162772                    /usr/lib/jvm/java-17-openjdk-amd64/lib/server/libjvm.so
7f7a9b0d2000-7f7a9b107000 rw-p 0131a000 08:02 3162772                    /usr/lib/jvm/java-17-openjdk-amd64/lib/server/libjvm.so
7f7a9b107000-7f7a9b162000 rw-p 00000000 00:00 0 
7f7a9b162000-7f7a9b168000 r--p 00000000 08:02 1180104                    /lib/x86_64-linux-gnu/libpthread-2.31.so
7f7a9b168000-7f7a9b179000 r-xp 00006000 08:02 1180104                    /lib/x86_64-linux-gnu/libpthread-2.31.so
7f7a9b179000-7f7a9b17f000 r--p 00017000 08:02 1180104                    /lib/x86_64-linux-gnu/libpthread-2.31.so
7f7a9b17f000-7f7a9b180000 r--p 0001c000 08:02 1180104                    /lib/x86_64-linux-gnu/libpthread-2.31.so
7f7a9b180000-7f7a9b181000 rw-p 0001d000 08:02 1180104                    /lib/x86_64-linux-gnu/libpthread-2.31.so
7f7a9b181000-7f7a9b185000 rw-p 00000000 00:00 0 
7f7a9b185000-7f7a9b186000 r--p 00000000 08:02 1179891                    /lib/x86_64-linux-gnu/libdl-2.31.so
7f7a9b186000-7f7a9b188000 r-xp 00001000 08:02 1179891                    /lib/x86_64-linux-gnu/libdl-2.31.so
7f7a9b188000-7f7a9b189000 r--p 00003000 08:02 1179891                    /lib/x86_64-linux-gnu/libdl-2.31.so
7f7a9b189000-7f7a9b18a000 r--p 00003000 08:02 1179891                    /lib/x86_64-linux-gnu/libdl-2.31.so
7f7a9b18a000-7f7a9b18b000 rw-p 00004000 08:02 1179891                    /lib/x86_64-linux-gnu/libdl-2.31.so
7f7a9b18b000-7f7a9b18d000 r--p 00000000 08:02 1180452                    /lib/x86_64-linux-gnu/libz.so.1.2.11
7f7a9b18d000-7f7a9b19e000 r-xp 00002000 08:02 1180452                    /lib/x86_64-linux-gnu/libz.so.1.2.11
7f7a9b19e000-7f7a9b1a4000 r--p 00013000 08:02 1180452                    /lib/x86_64-linux-gnu/libz.so.1.2.11
7f7a9b1a4000-7f7a9b1a5000 ---p 00019000 08:02 1180452                    /lib/x86_64-linux-gnu/libz.so.1.2.11
7f7a9b1a5000-7f7a9b1a6000 r--p 00019000 08:02 1180452                    /lib/x86_64-linux-gnu/libz.so.1.2.11
7f7a9b1a6000-7f7a9b1a7000 rw-p 0001a000 08:02 1180452                    /lib/x86_64-linux-gnu/libz.so.1.2.11
7f7a9b1a7000-7f7a9b1c9000 r--p 00000000 08:02 1179886                    /lib/x86_64-linux-gnu/libc-2.31.so
7f7a9b1c9000-7f7a9b341000 r-xp 00022000 08:02 1179886                    /lib/x86_64-linux-gnu/libc-2.31.so
7f7a9b341000-7f7a9b38f000 r--p 0019a000 08:02 1179886                    /lib/x86_64-linux-gnu/libc-2.31.so
7f7a9b38f000-7f7a9b393000 r--p 001e7000 08:02 1179886                    /lib/x86_64-linux-gnu/libc-2.31.so
7f7a9b393000-7f7a9b395000 rw-p 001eb000 08:02 1179886                    /lib/x86_64-linux-gnu/libc-2.31.so
7f7a9b395000-7f7a9b399000 rw-p 00000000 00:00 0 
7f7a9b399000-7f7a9b39b000 r--p 00000000 08:02 1179931                    /lib/x86_64-linux-gnu/libnss_sss.so.2
7f7a9b39b000-7f7a9b3a1000 r-xp 00002000 08:02 1179931                    /lib/x86_64-linux-gnu/libnss_sss.so.2
7f7a9b3a1000-7f7a9b3a3000 r--p 00008000 08:02 1179931                    /lib/x86_64-linux-gnu/libnss_sss.so.2
7f7a9b3a3000-7f7a9b3a4000 r--p 00009000 08:02 1179931                    /lib/x86_64-linux-gnu/libnss_sss.so.2
7f7a9b3a4000-7f7a9b3a5000 rw-p 0000a000 08:02 1179931                    /lib/x86_64-linux-gnu/libnss_sss.so.2
7f7a9b3a5000-7f7a9b3a7000 r--p 00000000 08:02 1179921                    /lib/x86_64-linux-gnu/libnss_compat-2.31.so
7f7a9b3a7000-7f7a9b3ae000 r-xp 00002000 08:02 1179921                    /lib/x86_64-linux-gnu/libnss_compat-2.31.so
7f7a9b3ae000-7f7a9b3af000 r--p 00009000 08:02 1179921                    /lib/x86_64-linux-gnu/libnss_compat-2.31.so
7f7a9b3af000-7f7a9b3b0000 r--p 00009000 08:02 1179921                    /lib/x86_64-linux-gnu/libnss_compat-2.31.so
7f7a9b3b0000-7f7a9b3b1000 rw-p 0000a000 08:02 1179921                    /lib/x86_64-linux-gnu/libnss_compat-2.31.so
7f7a9b3b1000-7f7a9b3b2000 ---p 00000000 00:00 0 
7f7a9b3b2000-7f7a9b3b3000 r--p 00000000 00:00 0 
7f7a9b3b3000-7f7a9b3b5000 r--p 00000000 08:02 3162726                    /usr/lib/jvm/java-17-openjdk-amd64/lib/libjimage.so
7f7a9b3b5000-7f7a9b3b8000 r-xp 00002000 08:02 3162726                    /usr/lib/jvm/java-17-openjdk-amd64/lib/libjimage.so
7f7a9b3b8000-7f7a9b3b9000 r--p 00005000 08:02 3162726                    /usr/lib/jvm/java-17-openjdk-amd64/lib/libjimage.so
7f7a9b3b9000-7f7a9b3ba000 ---p 00006000 08:02 3162726                    /usr/lib/jvm/java-17-openjdk-amd64/lib/libjimage.so
7f7a9b3ba000-7f7a9b3bb000 r--p 00006000 08:02 3162726                    /usr/lib/jvm/java-17-openjdk-amd64/lib/libjimage.so
7f7a9b3bb000-7f7a9b3bc000 rw-p 00007000 08:02 3162726                    /usr/lib/jvm/java-17-openjdk-amd64/lib/libjimage.so
7f7a9b3bc000-7f7a9b3be000 r--p 00000000 08:02 3162728                    /usr/lib/jvm/java-17-openjdk-amd64/lib/libjli.so
7f7a9b3be000-7f7a9b3c8000 r-xp 00002000 08:02 3162728                    /usr/lib/jvm/java-17-openjdk-amd64/lib/libjli.so
7f7a9b3c8000-7f7a9b3cb000 r--p 0000c000 08:02 3162728                    /usr/lib/jvm/java-17-openjdk-amd64/lib/libjli.so
7f7a9b3cb000-7f7a9b3cc000 ---p 0000f000 08:02 3162728                    /usr/lib/jvm/java-17-openjdk-amd64/lib/libjli.so
7f7a9b3cc000-7f7a9b3cd000 r--p 0000f000 08:02 3162728                    /usr/lib/jvm/java-17-openjdk-amd64/lib/libjli.so
7f7a9b3cd000-7f7a9b3ce000 rw-p 00010000 08:02 3162728                    /usr/lib/jvm/java-17-openjdk-amd64/lib/libjli.so
7f7a9b3ce000-7f7a9b3d0000 rw-p 00000000 00:00 0 
7f7a9b3d0000-7f7a9b3d1000 r--p 00000000 08:02 1179853                    /lib/x86_64-linux-gnu/ld-2.31.so
7f7a9b3d1000-7f7a9b3f4000 r-xp 00001000 08:02 1179853                    /lib/x86_64-linux-gnu/ld-2.31.so
7f7a9b3f4000-7f7a9b3fc000 r--p 00024000 08:02 1179853                    /lib/x86_64-linux-gnu/ld-2.31.so
7f7a9b3fc000-7f7a9b3fd000 ---p 00000000 00:00 0 
7f7a9b3fd000-7f7a9b3fe000 r--p 0002c000 08:02 1179853                    /lib/x86_64-linux-gnu/ld-2.31.so
7f7a9b3fe000-7f7a9b3ff000 rw-p 0002d000 08:02 1179853                    /lib/x86_64-linux-gnu/ld-2.31.so
7f7a9b3ff000-7f7a9b400000 rw-p 00000000 00:00 0 
7ffdf85dc000-7ffdf85e0000 ---p 00000000 00:00 0 
7ffdf8dbb000-7ffdf8ddc000 rw-p 00000000 00:00 0                          [stack]
7ffdf8de8000-7ffdf8deb000 r--p 00000000 00:00 0                          [vvar]
7ffdf8deb000-7ffdf8dec000 r-xp 00000000 00:00 0                          [vdso]
ffffffffff600000-ffffffffff601000 --xp 00000000 00:00 0                  [vsyscall]


VM Arguments:
jvm_args: -Dmaven.home=EMBEDDED -Dclassworlds.conf=/home/cim/ug/zjac350/CS2800/.metadata/.plugins/org.eclipse.m2e.launching/launches/m2conf8294760478220568790.tmp -Dmaven.multiModuleProjectDirectory=/home/cim/ug/zjac350/CS2800/Calculator/CW1Calculator -Dfile.encoding=UTF-8 -XX:+ShowCodeDetailsInExceptionMessages 
java_command: org.codehaus.plexus.classworlds.launcher.Launcher -B clean compile javafx:run
java_class_path (initial): /rmt/nas/apps/x86_64Linux/eclipse-java-2022-06/plugins/org.eclipse.m2e.maven.runtime_1.18.3.20220227-1319/jars/plexus-classworlds-2.6.0.jar
Launcher Type: SUN_STANDARD

[Global flags]
     intx CICompilerCount                          = 12                                        {product} {ergonomic}
     uint ConcGCThreads                            = 5                                         {product} {ergonomic}
     uint G1ConcRefinementThreads                  = 18                                        {product} {ergonomic}
   size_t G1HeapRegionSize                         = 16777216                                  {product} {ergonomic}
    uintx GCDrainStackTargetSize                   = 64                                        {product} {ergonomic}
   size_t InitialHeapSize                          = 2147483648                                {product} {ergonomic}
   size_t MarkStackSize                            = 4194304                                   {product} {ergonomic}
   size_t MaxHeapSize                              = 32178700288                               {product} {ergonomic}
   size_t MinHeapDeltaBytes                        = 16777216                                  {product} {ergonomic}
   size_t MinHeapSize                              = 16777216                                  {product} {ergonomic}
    uintx NonNMethodCodeHeapSize                   = 7602480                                {pd product} {ergonomic}
    uintx NonProfiledCodeHeapSize                  = 122027880                              {pd product} {ergonomic}
    uintx ProfiledCodeHeapSize                     = 122027880                              {pd product} {ergonomic}
    uintx ReservedCodeCacheSize                    = 251658240                              {pd product} {ergonomic}
     bool SegmentedCodeCache                       = true                                      {product} {ergonomic}
     bool ShowCodeDetailsInExceptionMessages       = true                                   {manageable} {command line}
   size_t SoftMaxHeapSize                          = 32178700288                            {manageable} {ergonomic}
     bool UseCompressedClassPointers               = true                           {product lp64_product} {ergonomic}
     bool UseCompressedOops                        = true                           {product lp64_product} {ergonomic}
     bool UseG1GC                                  = true                                      {product} {ergonomic}

Logging:
Log output configuration:
 #0: stdout all=warning uptime,level,tags
 #1: stderr all=off uptime,level,tags

Environment Variables:
CLASSPATH=.:/apps/jade/lib/jade.jar:/apps/share/java/rhulDrawing
PATH=/usr/local/sbin:/usr/local/bin:/usr/sbin:/usr/bin:/sbin:/bin:/opt/puppetlabs/bin:/apps/x86_64Linux/blast/bin:/apps/x86_64Linux/hmmer:/apps/apache-jena/bin:/apps/pellet/bin:/opt/mpich/ch-p4/bin
USERNAME=zjac350
SHELL=/bin/bash
DISPLAY=:1021.0
LANG=en_GB.UTF-8

Signal Handlers:
   SIGSEGV: 0x00007f7a9ad12d60 in libjvm.so+16104800, mask=11100100010111111101111111111110, flags=SA_RESTART|SA_SIGINFO
    SIGBUS: 0x00007f7a9ad12d60 in libjvm.so+16104800, mask=11100100010111111101111111111110, flags=SA_RESTART|SA_SIGINFO
    SIGFPE: 0x00007f7a9ad12d60 in libjvm.so+16104800, mask=11100100010111111101111111111110, flags=SA_RESTART|SA_SIGINFO
   SIGPIPE: 0x00007f7a9abb4b30 in libjvm.so+14670640, mask=11100100010111111101111111111110, flags=SA_RESTART|SA_SIGINFO
   SIGXFSZ: 0x00007f7a9abb4b30 in libjvm.so+14670640, mask=11100100010111111101111111111110, flags=SA_RESTART|SA_SIGINFO
    SIGILL: 0x00007f7a9ad12d60 in libjvm.so+16104800, mask=11100100010111111101111111111110, flags=SA_RESTART|SA_SIGINFO
   SIGUSR2: 0x00007f7a9abb41a0 in libjvm.so+14668192, mask=00100000000000000000000000000000, flags=SA_RESTART|SA_SIGINFO
    SIGHUP: SIG_DFL, mask=00000000000000000000000000000000, flags=none
    SIGINT: SIG_DFL, mask=00000000000000000000000000000000, flags=none
   SIGTERM: SIG_DFL, mask=00000000000000000000000000000000, flags=none
   SIGQUIT: 0x00007f7a9abb4b30 in libjvm.so+14670640, mask=11100100010111111101111111111110, flags=SA_RESTART|SA_SIGINFO
   SIGTRAP: 0x00007f7a9ad12d60 in libjvm.so+16104800, mask=11100100010111111101111111111110, flags=SA_RESTART|SA_SIGINFO


---------------  S Y S T E M  ---------------

OS:
DISTRIB_ID=Ubuntu
DISTRIB_RELEASE=20.04
DISTRIB_CODENAME=focal
DISTRIB_DESCRIPTION="Ubuntu 20.04.5 LTS"
uname: Linux 5.4.0-135-generic #152-Ubuntu SMP Wed Nov 23 20:19:22 UTC 2022 x86_64
OS uptime: 5 days 16:47 hours
libc: glibc 2.31 NPTL 2.31 
rlimit (soft/hard): STACK 8192k/300000k , CORE 0k/infinity , NPROC 800/1000 , NOFILE 1048576/1048576 , AS 67108864k/268435456k , CPU infinity/infinity , DATA infinity/infinity , FSIZE infinity/infinity , MEMLOCK 65536k/65536k
load average: 45.05 13.19 5.74

/proc/meminfo:
MemTotal:       198078772 kB
MemFree:        118518848 kB
MemAvailable:   166073696 kB
Buffers:         1094368 kB
Cached:         45678752 kB
SwapCached:            0 kB
Active:         46164116 kB
Inactive:       26129224 kB
Active(anon):   26205876 kB
Inactive(anon):  1359180 kB
Active(file):   19958240 kB
Inactive(file): 24770044 kB
Unevictable:        1440 kB
Mlocked:            1440 kB
SwapTotal:      31249404 kB
SwapFree:       31249404 kB
Dirty:             25092 kB
Writeback:             0 kB
AnonPages:      25520160 kB
Mapped:          2669200 kB
Shmem:           2044796 kB
KReclaimable:    4279540 kB
Slab:            5847316 kB
SReclaimable:    4279540 kB
SUnreclaim:      1567776 kB
KernelStack:      122720 kB
PageTables:       231848 kB
NFS_Unstable:          0 kB
Bounce:                0 kB
WritebackTmp:          0 kB
CommitLimit:    130288788 kB
Committed_AS:   79964600 kB
VmallocTotal:   34359738367 kB
VmallocUsed:      366304 kB
VmallocChunk:          0 kB
Percpu:           264832 kB
HardwareCorrupted:     0 kB
AnonHugePages:    581632 kB
ShmemHugePages:        0 kB
ShmemPmdMapped:        0 kB
FileHugePages:         0 kB
FilePmdMapped:         0 kB
CmaTotal:              0 kB
CmaFree:               0 kB
HugePages_Total:       0
HugePages_Free:        0
HugePages_Rsvd:        0
HugePages_Surp:        0
Hugepagesize:       2048 kB
Hugetlb:               0 kB
DirectMap4k:     6487936 kB
DirectMap2M:    141361152 kB
DirectMap1G:    55574528 kB

/sys/kernel/mm/transparent_hugepage/enabled: always [madvise] never
/sys/kernel/mm/transparent_hugepage/defrag (defrag/compaction efforts parameter): always defer defer+madvise [madvise] never

Process Memory:
Virtual Size: 33026496K (peak: 33026496K)
Resident Set Size: 16856K (peak: 16856K) (anon: 2896K, file: 13928K, shmem: 32K)
Swapped out: 0K
C-Heap outstanding allocations: 20452K, retained: 55K
glibc malloc tunables: (default)

/proc/sys/kernel/threads-max (system-wide limit on the number of threads): 1546984
/proc/sys/vm/max_map_count (maximum number of memory map areas a process may have): 65530
/proc/sys/kernel/pid_max (system-wide limit on number of process identifiers): 4194304

container (cgroup) information:
container_type: cgroupv1
cpu_cpuset_cpus: 0-23
cpu_memory_nodes: 0-1
active_processor_count: 24
cpu_quota: no quota
cpu_period: 100000
cpu_shares: no shares
memory_limit_in_bytes: unlimited
memory_and_swap_limit_in_bytes: not supported
memory_soft_limit_in_bytes: unlimited
memory_usage_in_bytes: 3970164 k
memory_max_usage_in_bytes: 4146920 k
maximum number of tasks: unlimited
current number of tasks: 740

VMWare virtualization detected
Steal ticks since vm start: 0
Steal ticks percentage since vm start:  0.000

CPU: total 24 (initial active 24) (1 cores per cpu, 1 threads per core) family 6 model 79 stepping 1 microcode 0xb00003a, cx8, cmov, fxsr, mmx, 3dnowpref, sse, sse2, sse3, ssse3, sse4.1, sse4.2, popcnt, lzcnt, tsc, tscinvbit, avx, avx2, aes, erms, clmul, bmi1, bmi2, adx, fma, vzeroupper, clflush, hv
CPU Model and flags from /proc/cpuinfo:
model name	: Intel(R) Xeon(R) CPU E5-2683 v4 @ 2.10GHz
flags		: fpu vme de pse tsc msr pae mce cx8 apic sep mtrr pge mca cmov pat pse36 clflush dts mmx fxsr sse sse2 ss syscall nx pdpe1gb rdtscp lm constant_tsc arch_perfmon pebs bts nopl xtopology tsc_reliable nonstop_tsc cpuid pni pclmulqdq ssse3 fma cx16 pcid sse4_1 sse4_2 x2apic movbe popcnt tsc_deadline_timer aes xsave avx f16c rdrand hypervisor lahf_lm abm 3dnowprefetch cpuid_fault invpcid_single pti ssbd ibrs ibpb stibp fsgsbase tsc_adjust bmi1 avx2 smep bmi2 invpcid rdseed adx smap xsaveopt arat md_clear flush_l1d arch_capabilities

Online cpus: 0-23
Offline cpus: 
BIOS frequency limitation: <Not Available>
Frequency switch latency (ns): <Not Available>
Available cpu frequencies: <Not Available>
Current governor: <Not Available>
Core performance/turbo boost: <Not Available>

Memory: 4k page, physical 198078772k(118518848k free), swap 31249404k(31249404k free)
Page Sizes: 4k

vm_info: OpenJDK 64-Bit Server VM (17.0.5+8-Ubuntu-2ubuntu120.04) for linux-amd64 JRE (17.0.5+8-Ubuntu-2ubuntu120.04), built on Oct 25 2022 13:05:40 by "buildd" with gcc 9.4.0

END.
